This is pdfTeX, Version 3.1415926-1.40.10 (TeX Live 2009/Debian) (format=latex 2014.3.2)  13 MAR 2014 09:55
entering extended mode
 %&-line parsing enabled.
**thesis.tex
(./thesis.tex
LaTeX2e <2009/09/24>
Babel <v3.8l> and hyphenation patterns for english, usenglishmax, dumylang, noh
yphenation, farsi, arabic, croatian, bulgarian, ukrainian, russian, czech, slov
ak, danish, dutch, finnish, french, basque, ngerman, german, german-x-2009-06-1
9, ngerman-x-2009-06-19, ibycus, monogreek, greek, ancientgreek, hungarian, san
skrit, italian, latin, latvian, lithuanian, mongolian2a, mongolian, bokmal, nyn
orsk, romanian, irish, coptic, serbian, turkish, welsh, esperanto, uppersorbian
, estonian, indonesian, interlingua, icelandic, kurmanji, slovenian, polish, po
rtuguese, spanish, galician, catalan, swedish, ukenglish, pinyin, loaded.
(/usr/share/texmf-texlive/tex/latex/base/book.cls
Document Class: book 2007/10/19 v1.4h Standard LaTeX document class
(/usr/share/texmf-texlive/tex/latex/base/bk12.clo
File: bk12.clo 2007/10/19 v1.4h Standard LaTeX file (size option)
)
\c@part=\count79
\c@chapter=\count80
\c@section=\count81
\c@subsection=\count82
\c@subsubsection=\count83
\c@paragraph=\count84
\c@subparagraph=\count85
\c@figure=\count86
\c@table=\count87
\abovecaptionskip=\skip41
\belowcaptionskip=\skip42
\bibindent=\dimen102
)
(/usr/share/texmf-texlive/tex/latex/geometry/geometry.sty
Package: geometry 2008/12/21 v4.2 Page Geometry

(/usr/share/texmf-texlive/tex/latex/graphics/keyval.sty
Package: keyval 1999/03/16 v1.13 key=value parser (DPC)
\KV@toks@=\toks14
)
(/usr/share/texmf-texlive/tex/generic/oberdiek/ifpdf.sty
Package: ifpdf 2009/04/10 v2.0 Provides the ifpdf switch (HO)
Package ifpdf Info: pdfTeX in pdf mode not detected.
)
(/usr/share/texmf-texlive/tex/generic/oberdiek/ifvtex.sty
Package: ifvtex 2008/11/04 v1.4 Switches for detecting VTeX and its modes (HO)
Package ifvtex Info: VTeX not detected.
)
\Gm@cnth=\count88
\Gm@cntv=\count89
\c@Gm@tempcnt=\count90
\Gm@bindingoffset=\dimen103
\Gm@wd@mp=\dimen104
\Gm@odd@mp=\dimen105
\Gm@even@mp=\dimen106
\Gm@dimlist=\toks15

(/usr/share/texmf-texlive/tex/xelatex/xetexconfig/geometry.cfg))
(/usr/share/texmf-texlive/tex/latex/ltxmisc/parskip.sty
Package: parskip 2001/04/09 non-zero parskip adjustments
)
(/usr/share/texmf-texlive/tex/latex/graphics/graphicx.sty
Package: graphicx 1999/02/16 v1.0f Enhanced LaTeX Graphics (DPC,SPQR)

(/usr/share/texmf-texlive/tex/latex/graphics/graphics.sty
Package: graphics 2009/02/05 v1.0o Standard LaTeX Graphics (DPC,SPQR)

(/usr/share/texmf-texlive/tex/latex/graphics/trig.sty
Package: trig 1999/03/16 v1.09 sin cos tan (DPC)
)
(/etc/texmf/tex/latex/config/graphics.cfg
File: graphics.cfg 2009/08/28 v1.8 graphics configuration of TeX Live
)
Package graphics Info: Driver file: dvips.def on input line 91.

(/usr/share/texmf-texlive/tex/latex/graphics/dvips.def
File: dvips.def 1999/02/16 v3.0i Driver-dependant file (DPC,SPQR)
))
\Gin@req@height=\dimen107
\Gin@req@width=\dimen108
)
(/usr/share/texmf-texlive/tex/latex/setspace/setspace.sty
Package: setspace 2000/12/01 6.7 Contributed and Supported LaTeX2e package

Package: `setspace' 6.7 <2000/12/01>
) (/usr/share/texmf-texlive/tex/latex/amsfonts/amssymb.sty
Package: amssymb 2009/06/22 v3.00

(/usr/share/texmf-texlive/tex/latex/amsfonts/amsfonts.sty
Package: amsfonts 2009/06/22 v3.00 Basic AMSFonts support
\@emptytoks=\toks16
\symAMSa=\mathgroup4
\symAMSb=\mathgroup5
LaTeX Font Info:    Overwriting math alphabet `\mathfrak' in version `bold'
(Font)                  U/euf/m/n --> U/euf/b/n on input line 96.
))
(/usr/share/texmf-texlive/tex/latex/graphics/color.sty
Package: color 2005/11/14 v1.0j Standard LaTeX Color (DPC)

(/etc/texmf/tex/latex/config/color.cfg
File: color.cfg 2007/01/18 v1.5 color configuration of teTeX/TeXLive
)
Package color Info: Driver file: dvips.def on input line 130.

(/usr/share/texmf-texlive/tex/latex/graphics/dvipsnam.def
File: dvipsnam.def 1999/02/16 v3.0i Driver-dependant file (DPC,SPQR)
))
(/usr/share/texmf/tex/latex/xcolor/xcolor.sty
Package: xcolor 2007/01/21 v2.11 LaTeX color extensions (UK)

(/etc/texmf/tex/latex/config/color.cfg
File: color.cfg 2007/01/18 v1.5 color configuration of teTeX/TeXLive
)
Package xcolor Info: Driver file: dvips.def on input line 225.
LaTeX Info: Redefining \color on input line 702.
Package xcolor Info: Model `cmy' substituted by `cmy0' on input line 1337.
Package xcolor Info: Model `RGB' extended on input line 1353.
Package xcolor Info: Model `HTML' substituted by `rgb' on input line 1355.
Package xcolor Info: Model `Hsb' substituted by `hsb' on input line 1356.
Package xcolor Info: Model `tHsb' substituted by `hsb' on input line 1357.
Package xcolor Info: Model `HSB' substituted by `hsb' on input line 1358.
Package xcolor Info: Model `Gray' substituted by `gray' on input line 1359.
Package xcolor Info: Model `wave' substituted by `hsb' on input line 1360.
)
(/usr/share/texmf-texlive/tex/latex/listings/listings.sty
\lst@mode=\count91
\lst@gtempboxa=\box26
\lst@token=\toks17
\lst@length=\count92
\lst@currlwidth=\dimen109
\lst@column=\count93
\lst@pos=\count94
\lst@lostspace=\dimen110
\lst@width=\dimen111
\lst@newlines=\count95
\lst@lineno=\count96
\lst@maxwidth=\dimen112

(/usr/share/texmf-texlive/tex/latex/listings/lstmisc.sty
File: lstmisc.sty 2007/02/22 1.4 (Carsten Heinz)
\c@lstnumber=\count97
\lst@skipnumbers=\count98
\lst@framebox=\box27
)
(/usr/share/texmf-texlive/tex/latex/listings/listings.cfg
File: listings.cfg 2007/02/22 1.4 listings configuration
))
Package: listings 2007/02/22 1.4 (Carsten Heinz)

(/usr/share/texmf-texlive/tex/latex/caption/caption.sty
Package: caption 2009/10/09 v3.1k Customizing captions (AR)

(/usr/share/texmf-texlive/tex/latex/caption/caption3.sty
Package: caption3 2009/10/09 v3.1k caption3 kernel (AR)
\captionmargin=\dimen113
\captionmargin@=\dimen114
\captionwidth=\dimen115
\caption@indent=\dimen116
\caption@parindent=\dimen117
\caption@hangindent=\dimen118
)
\c@ContinuedFloat=\count99
Package caption Info: listings package is loaded.
)
(/usr/share/texmf-texlive/tex/latex/listings/lstlang1.sty
File: lstlang1.sty 2004/09/05 1.3 listings language file
) (./thesis.aux
(./cover.aux) (./statement.aux) (./abstract.aux) (./quote.aux) (./contents.aux)
(./figures.aux) (./listings.aux) (./chapter1.aux) (./chapter2.aux)
(./chapter3.aux

LaTeX Warning: Label `overflow' multiply defined.

) (./chapter4.aux

LaTeX Warning: Label `overflow' multiply defined.


LaTeX Warning: Label `overflow' multiply defined.

) (./chapter5.aux

LaTeX Warning: Label `overflow' multiply defined.


LaTeX Warning: Label `overflow' multiply defined.


LaTeX Warning: Label `overflow' multiply defined.


LaTeX Warning: Label `overflow' multiply defined.

) (./chapter6.aux

LaTeX Warning: Label `Mail-send' multiply defined.


LaTeX Warning: Label `service-logger' multiply defined.


LaTeX Warning: Label `overflow' multiply defined.


LaTeX Warning: Label `overflow' multiply defined.


LaTeX Warning: Label `overflow' multiply defined.


LaTeX Warning: Label `overflow' multiply defined.


LaTeX Warning: Label `overflow' multiply defined.

) (./conclusion.aux) (./bibliography.aux))
\openout1 = `thesis.aux'.

LaTeX Font Info:    Checking defaults for OML/cmm/m/it on input line 22.
LaTeX Font Info:    ... okay on input line 22.
LaTeX Font Info:    Checking defaults for T1/cmr/m/n on input line 22.
LaTeX Font Info:    ... okay on input line 22.
LaTeX Font Info:    Checking defaults for OT1/cmr/m/n on input line 22.
LaTeX Font Info:    ... okay on input line 22.
LaTeX Font Info:    Checking defaults for OMS/cmsy/m/n on input line 22.
LaTeX Font Info:    ... okay on input line 22.
LaTeX Font Info:    Checking defaults for OMX/cmex/m/n on input line 22.
LaTeX Font Info:    ... okay on input line 22.
LaTeX Font Info:    Checking defaults for U/cmr/m/n on input line 22.
LaTeX Font Info:    ... okay on input line 22.

*geometry auto-detecting driver*
*geometry detected driver: dvips*
-------------------- Geometry parameters
paper: letterpaper
landscape: --
twocolumn: --
twoside: --
asymmetric: --
h-parts: 92.14519pt, 0.7\paperwidth , 92.14519pt (default)
v-parts: 95.39737pt, 0.7\paperheight , 143.09605pt (default)
hmarginratio: 1:1
vmarginratio: 2:3
lines: --
heightrounded: --
bindingoffset: 0.0pt
truedimen: --
includehead: --
includefoot: --
includemp: --
driver: dvips
-------------------- Page layout dimensions and switches
\paperwidth  614.295pt
\paperheight 794.96999pt
\textwidth  430.00462pt
\textheight 556.47656pt
\oddsidemargin  19.8752pt
\evensidemargin 19.8752pt
\topmargin  -8.74641pt
\headheight 12.0pt
\headsep    19.8738pt
\footskip   30.0pt
\marginparwidth 47.0pt
\marginparsep   7.0pt
\columnsep  10.0pt
\skip\footins  10.8pt plus 4.0pt minus 2.0pt
\hoffset 0.0pt
\voffset 0.0pt
\mag 1000

(1in=72.27pt, 1cm=28.45pt)
-----------------------
\c@lstlisting=\count100
Package caption Info: Begin \AtBeginDocument code.
Package caption Info: End \AtBeginDocument code.
\openout2 = `cover.aux'.

(./cover.tex
LaTeX Font Info:    Try loading font information for U+msa on input line 15.
 (/usr/share/texmf-texlive/tex/latex/amsfonts/umsa.fd
File: umsa.fd 2009/06/22 v3.00 AMS symbols A
)
LaTeX Font Info:    Try loading font information for U+msb on input line 15.

(/usr/share/texmf-texlive/tex/latex/amsfonts/umsb.fd
File: umsb.fd 2009/06/22 v3.00 AMS symbols B
) [1



])
\openout2 = `statement.aux'.

 (./statement.tex
Missing character: There is no Õ in font cmr12!
)
Underfull \hbox (badness 10000) in paragraph at lines 14--26

 []


Underfull \hbox (badness 10000) in paragraph at lines 14--26

 []


Underfull \hbox (badness 10000) in paragraph at lines 14--26

 []


Underfull \hbox (badness 10000) in paragraph at lines 14--26

 []

[1



] [2

]
\openout2 = `abstract.aux'.

 (./abstract.tex) [3


]
\openout2 = `quote.aux'.

 (./quote.tex
Missing character: There is no Õ in font cmti12!
Missing character: There is no Õ in font cmti12!
Missing character: There is no Õ in font cmti12!
Missing character: There is no Õ in font cmti12!
Missing character: There is no Õ in font cmti12!
Missing character: There is no Õ in font cmti12!

Underfull \hbox (badness 10000) in paragraph at lines 1--2

 []


Underfull \hbox (badness 10000) in paragraph at lines 1--2

 []

) [4


]
\openout2 = `contents.aux'.

 (./contents.tex (./thesis.toc [5



])
\tf@toc=\write3
\openout3 = `thesis.toc'.

) [6]
\openout2 = `figures.aux'.

 (./figures.tex (./thesis.lof)
\tf@lof=\write4
\openout4 = `thesis.lof'.

)
[7




]
\openout2 = `listings.aux'.

 (./listings.tex (./thesis.lol)
\tf@lol=\write5
\openout5 = `thesis.lol'.

) [8




]
\openout2 = `chapter1.aux'.

 (./chapter1.tex
Chapter 1.
[9



]) [10]
\openout2 = `chapter2.aux'.

 (./chapter2.tex
Chapter 2.
[11



] [12]
LaTeX Font Info:    Try loading font information for OMS+cmr on input line 29.
 (/usr/share/texmf-texlive/tex/latex/base/omscmr.fd
File: omscmr.fd 1999/05/25 v2.5h Standard LaTeX font definitions
)
LaTeX Font Info:    Font shape `OMS/cmr/m/n' in size <12> not available
(Font)              Font shape `OMS/cmsy/m/n' tried instead on input line 29.
 [13]) [14]
\openout2 = `chapter3.aux'.


(./chapter3.tex
Chapter 3.
[15



]

! LaTeX Error: Cannot determine size of graphic in android_architecture.jpg (no
 BoundingBox).

See the LaTeX manual or LaTeX Companion for explanation.
Type  H <return>  for immediate help.
 ...                                              
                                                  
l.20 ...ics[width=150mm]{android_architecture.jpg}
                                                  
Try typing  <return>  to proceed.
If that doesn't work, type  X <return>  to quit.

File: android_architecture.jpg Graphic file (type eps)
<android_architecture.jpg> [16] [17] [18]

! LaTeX Error: Cannot determine size of graphic in kivy_architecture.png (no Bo
undingBox).

See the LaTeX manual or LaTeX Companion for explanation.
Type  H <return>  for immediate help.
 ...                                              
                                                  
l.69 ...aphics[width=120mm]{kivy_architecture.png}
                                                  
Try typing  <return>  to proceed.
If that doesn't work, type  X <return>  to quit.

File: kivy_architecture.png Graphic file (type eps)
<kivy_architecture.png>) [19] [20]
\openout2 = `chapter4.aux'.

 (./chapter4.tex
Chapter 4.
[21



]

! LaTeX Error: Cannot determine size of graphic in eye_arch.png (no BoundingBox
).

See the LaTeX manual or LaTeX Companion for explanation.
Type  H <return>  for immediate help.
 ...                                              
                                                  
l.13 \includegraphics[width=140mm]{eye_arch.png}
                                                
Try typing  <return>  to proceed.
If that doesn't work, type  X <return>  to quit.

File: eye_arch.png Graphic file (type eps)
<eye_arch.png> [22] [23]

! LaTeX Error: Cannot determine size of graphic in activity_lifecycle.png (no B
oundingBox).

See the LaTeX manual or LaTeX Companion for explanation.
Type  H <return>  for immediate help.
 ...                                              
                                                  
l.40 ...phics[width=110mm]{activity_lifecycle.png}
                                                  
Try typing  <return>  to proceed.
If that doesn't work, type  X <return>  to quit.

File: activity_lifecycle.png Graphic file (type eps)
<activity_lifecycle.png> [24] [25]) [26]
\openout2 = `chapter5.aux'.

 (./chapter5.tex
Chapter 5.
[27



] [28]

! LaTeX Error: Cannot determine size of graphic in usecase_diagram.png (no Boun
dingBox).

See the LaTeX manual or LaTeX Companion for explanation.
Type  H <return>  for immediate help.
 ...                                              
                                                  
l.45 ...graphics[width=110mm]{usecase_diagram.png}
                                                  
Try typing  <return>  to proceed.
If that doesn't work, type  X <return>  to quit.

File: usecase_diagram.png Graphic file (type eps)
<usecase_diagram.png> [29]

! LaTeX Error: Cannot determine size of graphic in eye_droid_usecase_diagram.pn
g (no BoundingBox).

See the LaTeX manual or LaTeX Companion for explanation.
Type  H <return>  for immediate help.
 ...                                              
                                                  
l.56 ...idth=150mm]{eye_droid_usecase_diagram.png}
                                                  
Try typing  <return>  to proceed.
If that doesn't work, type  X <return>  to quit.

File: eye_droid_usecase_diagram.png Graphic file (type eps)
<eye_droid_usecase_diagram.png> [30]

! LaTeX Error: Cannot determine size of graphic in class_diagram.jpg (no Boundi
ngBox).

See the LaTeX manual or LaTeX Companion for explanation.
Type  H <return>  for immediate help.
 ...                                              
                                                  
l.66 ...degraphics[width=140mm]{class_diagram.jpg}
                                                  
Try typing  <return>  to proceed.
If that doesn't work, type  X <return>  to quit.

File: class_diagram.jpg Graphic file (type eps)
<class_diagram.jpg> [31] [32]

! LaTeX Error: Cannot determine size of graphic in eye_droid_class_diagram1.jpg
 (no BoundingBox).

See the LaTeX manual or LaTeX Companion for explanation.
Type  H <return>  for immediate help.
 ...                                              
                                                  
l.85 ...width=170mm]{eye_droid_class_diagram1.jpg}
                                                  
Try typing  <return>  to proceed.
If that doesn't work, type  X <return>  to quit.

File: eye_droid_class_diagram1.jpg Graphic file (type eps)
<eye_droid_class_diagram1.jpg>
Overfull \hbox (53.69221pt too wide) in paragraph at lines 85--86
 [][] 
 []

) [33]
\openout2 = `chapter6.aux'.

 (./chapter6.tex
Chapter 6.
[34



]
Overfull \hbox (6.0pt too wide) in paragraph at lines 11--11
[][][][][][][] 
 []


Overfull \hbox (6.0pt too wide) in paragraph at lines 11--11
[][][][][][][] 
 []

[35]
Overfull \hbox (6.0pt too wide) in paragraph at lines 42--42
[][][][][][][] 
 []


Overfull \hbox (6.0pt too wide) in paragraph at lines 42--42
[][][][][][][] 
 []

[36]
Overfull \hbox (6.0pt too wide) in paragraph at lines 68--68
[][][][][][][] 
 []


Overfull \hbox (6.0pt too wide) in paragraph at lines 68--68
[][][][][][][] 
 []

[37]
Overfull \hbox (6.86308pt too wide) in paragraph at lines 136--138
\OT1/cmr/m/n/12 The \OT1/cmr/m/it/12 in-sert-Com-ment() \OT1/cmr/m/n/12 sim-ply
 cre-ates a new SQLite database ob-ject us-ing the \OT1/cmr/m/it/12 getWrite-
 []

[38]
Overfull \hbox (6.0pt too wide) in paragraph at lines 142--142
[][][][][][][] 
 []


Overfull \hbox (6.0pt too wide) in paragraph at lines 142--142
[][][][][][][] 
 []

[39]
Overfull \hbox (6.0pt too wide) in paragraph at lines 163--163
[][][][][][][] 
 []


Overfull \hbox (6.0pt too wide) in paragraph at lines 163--163
[][][][][][][] 
 []


Overfull \hbox (6.0pt too wide) in paragraph at lines 199--199
[][][][][][][] 
 []


Overfull \hbox (6.0pt too wide) in paragraph at lines 199--199
[][][][][][][] 
 []

[40] [41]
Overfull \hbox (6.0pt too wide) in paragraph at lines 241--241
[][][][][][][] 
 []


Overfull \hbox (6.0pt too wide) in paragraph at lines 241--241
[][][][][][][] 
 []


Overfull \hbox (6.0pt too wide) in paragraph at lines 262--262
[][][][][][][] 
 []


Overfull \hbox (6.0pt too wide) in paragraph at lines 262--262
[][][][][][][] 
 []

[42]
Overfull \hbox (6.0pt too wide) in paragraph at lines 270--270
[][][][][][][] 
 []


Overfull \hbox (6.0pt too wide) in paragraph at lines 270--270
[][][][][][][] 
 []

[43]
Overfull \hbox (6.0pt too wide) in paragraph at lines 317--317
[][][][][][][] 
 []


Overfull \hbox (6.0pt too wide) in paragraph at lines 317--317
[][][][][][][] 
 []

[44]

! LaTeX Error: Cannot determine size of graphic in viewer.png (no BoundingBox).


See the LaTeX manual or LaTeX Companion for explanation.
Type  H <return>  for immediate help.
 ...                                              
                                                  
l.350 \includegraphics[width=100mm]{viewer.png}
                                               
Try typing  <return>  to proceed.
If that doesn't work, type  X <return>  to quit.

File: viewer.png Graphic file (type eps)
<viewer.png> [45]
Overfull \hbox (6.0pt too wide) in paragraph at lines 363--363
[][][][][][][] 
 []


Overfull \hbox (6.0pt too wide) in paragraph at lines 363--363
[][][][][][][] 
 []

[46] [47]
Overfull \hbox (6.0pt too wide) in paragraph at lines 408--408
[][][][][][][] 
 []


Overfull \hbox (6.0pt too wide) in paragraph at lines 408--408
[][][][][][][] 
 []


Overfull \hbox (6.0pt too wide) in paragraph at lines 416--416
[][][][][][][] 
 []


Overfull \hbox (6.0pt too wide) in paragraph at lines 416--416
[][][][][][][] 
 []

[48]

! LaTeX Error: Cannot determine size of graphic in main.png (no BoundingBox).

See the LaTeX manual or LaTeX Companion for explanation.
Type  H <return>  for immediate help.
 ...                                              
                                                  
l.450 \includegraphics[width=70mm]{main.png}
                                            
Try typing  <return>  to proceed.
If that doesn't work, type  X <return>  to quit.

File: main.png Graphic file (type eps)
<main.png> [49]
Overfull \hbox (6.0pt too wide) in paragraph at lines 459--459
[][][][][][][] 
 []


Overfull \hbox (6.0pt too wide) in paragraph at lines 459--459
[][][][][][][] 
 []

[50]
Overfull \hbox (6.0pt too wide) in paragraph at lines 484--484
[][][][][][][] 
 []


Overfull \hbox (6.0pt too wide) in paragraph at lines 484--484
[][][][][][][] 
 []


Overfull \hbox (6.0pt too wide) in paragraph at lines 503--503
[][][][][][][] 
 []


Overfull \hbox (6.0pt too wide) in paragraph at lines 503--503
[][][][][][][] 
 []

[51] [52]
Overfull \hbox (6.0pt too wide) in paragraph at lines 565--565
[][][][][][][] 
 []


Overfull \hbox (6.0pt too wide) in paragraph at lines 565--565
[][][][][][][] 
 []

[53] [54] [55]
Overfull \hbox (6.0pt too wide) in paragraph at lines 672--672
[][][][][][][] 
 []


Overfull \hbox (6.0pt too wide) in paragraph at lines 672--672
[][][][][][][] 
 []


! LaTeX Error: Cannot determine size of graphic in preview.png (no BoundingBox)
.

See the LaTeX manual or LaTeX Companion for explanation.
Type  H <return>  for immediate help.
 ...                                              
                                                  
l.685 \includegraphics[width=90mm]{preview.png}
                                               
Try typing  <return>  to proceed.
If that doesn't work, type  X <return>  to quit.

File: preview.png Graphic file (type eps)
<preview.png> [56]
Overfull \hbox (6.0pt too wide) in paragraph at lines 693--693
[][][][][][][] 
 []


Overfull \hbox (6.0pt too wide) in paragraph at lines 693--693
[][][][][][][] 
 []

[57]

LaTeX Warning: File `Review.png' not found on input line 717.


! LaTeX Error: File `Review.png' not found.

See the LaTeX manual or LaTeX Companion for explanation.
Type  H <return>  for immediate help.
 ...                                              
                                                  
l.717 \includegraphics[width=60mm]{Review.png}
                                              
Try typing  <return>  to proceed.
If that doesn't work, type  X <return>  to quit.


! LaTeX Error: Cannot determine size of graphic in Review.png (no BoundingBox).


See the LaTeX manual or LaTeX Companion for explanation.
Type  H <return>  for immediate help.
 ...                                              
                                                  
l.717 \includegraphics[width=60mm]{Review.png}
                                              
Try typing  <return>  to proceed.
If that doesn't work, type  X <return>  to quit.

File: Review.png Graphic file (type eps)
<Review.png>
Overfull \hbox (6.0pt too wide) in paragraph at lines 725--725
[][][][][][][] 
 []


Overfull \hbox (6.0pt too wide) in paragraph at lines 725--725
[][][][][][][] 
 []

[58]

! LaTeX Error: Cannot determine size of graphic in settings.png (no BoundingBox
).

See the LaTeX manual or LaTeX Companion for explanation.
Type  H <return>  for immediate help.
 ...                                              
                                                  
l.760 \includegraphics[width=60mm]{settings.png}
                                                
Try typing  <return>  to proceed.
If that doesn't work, type  X <return>  to quit.

File: settings.png Graphic file (type eps)
<settings.png>) [59] [60]
\openout2 = `conclusion.aux'.

 (./conclusion.tex
Chapter 7.
[61



]) [62]
\openout2 = `bibliography.aux'.

 (./bibliography.tex
Chapter 8.
Missing character: There is no Ÿ in font cmr12!
Missing character: There is no Ž in font cmr12!

Overfull \hbox (0.87308pt too wide) in paragraph at lines 30--32
[]\OT1/cmr/m/n/12 Martin Fowler, UML Dis-tilled: A Brief Guide to the Stan-dard
 Ob-ject Modeling-
 []

[63



]
Overfull \hbox (12.67802pt too wide) in paragraph at lines 62--64
[]\OT1/cmr/m/n/12 Android Ac-tiv-ity Life-cy-cle \OT1/cmr/m/it/12 http://www.an
droid-app-market.com/android-activity-
 []


Overfull \hbox (49.15613pt too wide) in paragraph at lines 74--76
[]\OT1/cmr/m/n/12 Lars Vo-gel: An-droid In-tents \OT1/cmr/m/it/12 http://www.vo
gella.com/articles/AndroidIntent/article.html 
 []

[64]) [65] (./thesis.aux (./cover.aux) (./statement.aux) (./abstract.aux)
(./quote.aux) (./contents.aux) (./figures.aux) (./listings.aux) (./chapter1.aux
) (./chapter2.aux) (./chapter3.aux) (./chapter4.aux) (./chapter5.aux)
(./chapter6.aux) (./conclusion.aux) (./bibliography.aux))

LaTeX Warning: There were multiply-defined labels.

 ) 
Here is how much of TeX's memory you used:
 4257 strings out of 493849
 61680 string characters out of 1152847
 278067 words of memory out of 3000000
 7382 multiletter control sequences out of 15000+50000
 14392 words of font info for 55 fonts, out of 3000000 for 9000
 714 hyphenation exceptions out of 8191
 36i,7n,44p,2042b,1514s stack positions out of 5000i,500n,10000p,200000b,50000s

Output written on thesis.dvi (66 pages, 220048 bytes).
